<?xml version="1.0" encoding="UTF-8"?>
<testsuite xmlns:xsi="http://www.w3.org/2001/XMLSchema-instance" xsi:noNamespaceSchemaLocation="https://maven.apache.org/surefire/maven-surefire-plugin/xsd/surefire-test-report-3.0.xsd" version="3.0" name="TestSuite" time="1.175" tests="26" errors="0" skipped="16" failures="10">
  <properties>
    <property name="sun.desktop" value="windows"/>
    <property name="awt.toolkit" value="sun.awt.windows.WToolkit"/>
    <property name="file.encoding.pkg" value="sun.io"/>
    <property name="java.specification.version" value="1.8"/>
    <property name="sun.cpu.isalist" value="amd64"/>
    <property name="sun.jnu.encoding" value="Cp1252"/>
    <property name="java.class.path" value="C:\eclipseprojects\RediffDataDrivenFramework\target\test-classes;C:\eclipseprojects\RediffDataDrivenFramework\target\classes;C:\Users\ajayr\.m2\repository\org\seleniumhq\selenium\selenium-java\3.141.59\selenium-java-3.141.59.jar;C:\Users\ajayr\.m2\repository\org\seleniumhq\selenium\selenium-api\3.141.59\selenium-api-3.141.59.jar;C:\Users\ajayr\.m2\repository\org\seleniumhq\selenium\selenium-chrome-driver\3.141.59\selenium-chrome-driver-3.141.59.jar;C:\Users\ajayr\.m2\repository\org\seleniumhq\selenium\selenium-edge-driver\3.141.59\selenium-edge-driver-3.141.59.jar;C:\Users\ajayr\.m2\repository\org\seleniumhq\selenium\selenium-firefox-driver\3.141.59\selenium-firefox-driver-3.141.59.jar;C:\Users\ajayr\.m2\repository\org\seleniumhq\selenium\selenium-ie-driver\3.141.59\selenium-ie-driver-3.141.59.jar;C:\Users\ajayr\.m2\repository\org\seleniumhq\selenium\selenium-opera-driver\3.141.59\selenium-opera-driver-3.141.59.jar;C:\Users\ajayr\.m2\repository\org\seleniumhq\selenium\selenium-remote-driver\3.141.59\selenium-remote-driver-3.141.59.jar;C:\Users\ajayr\.m2\repository\org\seleniumhq\selenium\selenium-safari-driver\3.141.59\selenium-safari-driver-3.141.59.jar;C:\Users\ajayr\.m2\repository\org\seleniumhq\selenium\selenium-support\3.141.59\selenium-support-3.141.59.jar;C:\Users\ajayr\.m2\repository\net\bytebuddy\byte-buddy\1.8.15\byte-buddy-1.8.15.jar;C:\Users\ajayr\.m2\repository\org\apache\commons\commons-exec\1.3\commons-exec-1.3.jar;C:\Users\ajayr\.m2\repository\com\google\guava\guava\25.0-jre\guava-25.0-jre.jar;C:\Users\ajayr\.m2\repository\com\google\code\findbugs\jsr305\1.3.9\jsr305-1.3.9.jar;C:\Users\ajayr\.m2\repository\org\checkerframework\checker-compat-qual\2.0.0\checker-compat-qual-2.0.0.jar;C:\Users\ajayr\.m2\repository\com\google\errorprone\error_prone_annotations\2.1.3\error_prone_annotations-2.1.3.jar;C:\Users\ajayr\.m2\repository\com\google\j2objc\j2objc-annotations\1.1\j2objc-annotations-1.1.jar;C:\Users\ajayr\.m2\repository\org\codehaus\mojo\animal-sniffer-annotations\1.14\animal-sniffer-annotations-1.14.jar;C:\Users\ajayr\.m2\repository\com\squareup\okhttp3\okhttp\3.11.0\okhttp-3.11.0.jar;C:\Users\ajayr\.m2\repository\com\squareup\okio\okio\1.14.0\okio-1.14.0.jar;C:\Users\ajayr\.m2\repository\org\testng\testng\7.0.0\testng-7.0.0.jar;C:\Users\ajayr\.m2\repository\com\beust\jcommander\1.72\jcommander-1.72.jar;C:\Users\ajayr\.m2\repository\com\aventstack\extentreports\4.1.5\extentreports-4.1.5.jar;C:\Users\ajayr\.m2\repository\org\freemarker\freemarker\2.3.29\freemarker-2.3.29.jar;C:\Users\ajayr\.m2\repository\org\apache\httpcomponents\httpclient\4.5.2\httpclient-4.5.2.jar;C:\Users\ajayr\.m2\repository\org\apache\httpcomponents\httpcore\4.4.4\httpcore-4.4.4.jar;C:\Users\ajayr\.m2\repository\commons-logging\commons-logging\1.2\commons-logging-1.2.jar;C:\Users\ajayr\.m2\repository\commons-codec\commons-codec\1.9\commons-codec-1.9.jar;C:\Users\ajayr\.m2\repository\org\apache\httpcomponents\httpmime\4.5.2\httpmime-4.5.2.jar;C:\Users\ajayr\.m2\repository\com\google\code\gson\gson\2.8.6\gson-2.8.6.jar;C:\Users\ajayr\.m2\repository\org\mongodb\mongodb-driver\3.12.0\mongodb-driver-3.12.0.jar;C:\Users\ajayr\.m2\repository\org\mongodb\mongodb-driver-core\3.12.0\mongodb-driver-core-3.12.0.jar;C:\Users\ajayr\.m2\repository\org\mongodb\bson\3.12.0\bson-3.12.0.jar;C:\Users\ajayr\.m2\repository\commons-io\commons-io\2.8.0\commons-io-2.8.0.jar;"/>
    <property name="java.vm.vendor" value="Oracle Corporation"/>
    <property name="sun.arch.data.model" value="64"/>
    <property name="user.variant" value=""/>
    <property name="java.vendor.url" value="http://java.oracle.com/"/>
    <property name="user.timezone" value="Australia/Sydney"/>
    <property name="java.vm.specification.version" value="1.8"/>
    <property name="os.name" value="Windows 10"/>
    <property name="user.country" value="US"/>
    <property name="sun.java.launcher" value="SUN_STANDARD"/>
    <property name="sun.boot.library.path" value="C:\Program Files\Java\jdk1.8.0_241\jre\bin"/>
    <property name="sun.java.command" value="C:\Users\ajayr\AppData\Local\Temp\surefire1340418429194901455\surefirebooter8268304422072422054.jar C:\Users\ajayr\AppData\Local\Temp\surefire1340418429194901455 2021-08-23T11-51-35_004-jvmRun1 surefire526358048496800352tmp surefire_07828839566088612400tmp"/>
    <property name="surefire.test.class.path" value="C:\eclipseprojects\RediffDataDrivenFramework\target\test-classes;C:\eclipseprojects\RediffDataDrivenFramework\target\classes;C:\Users\ajayr\.m2\repository\org\seleniumhq\selenium\selenium-java\3.141.59\selenium-java-3.141.59.jar;C:\Users\ajayr\.m2\repository\org\seleniumhq\selenium\selenium-api\3.141.59\selenium-api-3.141.59.jar;C:\Users\ajayr\.m2\repository\org\seleniumhq\selenium\selenium-chrome-driver\3.141.59\selenium-chrome-driver-3.141.59.jar;C:\Users\ajayr\.m2\repository\org\seleniumhq\selenium\selenium-edge-driver\3.141.59\selenium-edge-driver-3.141.59.jar;C:\Users\ajayr\.m2\repository\org\seleniumhq\selenium\selenium-firefox-driver\3.141.59\selenium-firefox-driver-3.141.59.jar;C:\Users\ajayr\.m2\repository\org\seleniumhq\selenium\selenium-ie-driver\3.141.59\selenium-ie-driver-3.141.59.jar;C:\Users\ajayr\.m2\repository\org\seleniumhq\selenium\selenium-opera-driver\3.141.59\selenium-opera-driver-3.141.59.jar;C:\Users\ajayr\.m2\repository\org\seleniumhq\selenium\selenium-remote-driver\3.141.59\selenium-remote-driver-3.141.59.jar;C:\Users\ajayr\.m2\repository\org\seleniumhq\selenium\selenium-safari-driver\3.141.59\selenium-safari-driver-3.141.59.jar;C:\Users\ajayr\.m2\repository\org\seleniumhq\selenium\selenium-support\3.141.59\selenium-support-3.141.59.jar;C:\Users\ajayr\.m2\repository\net\bytebuddy\byte-buddy\1.8.15\byte-buddy-1.8.15.jar;C:\Users\ajayr\.m2\repository\org\apache\commons\commons-exec\1.3\commons-exec-1.3.jar;C:\Users\ajayr\.m2\repository\com\google\guava\guava\25.0-jre\guava-25.0-jre.jar;C:\Users\ajayr\.m2\repository\com\google\code\findbugs\jsr305\1.3.9\jsr305-1.3.9.jar;C:\Users\ajayr\.m2\repository\org\checkerframework\checker-compat-qual\2.0.0\checker-compat-qual-2.0.0.jar;C:\Users\ajayr\.m2\repository\com\google\errorprone\error_prone_annotations\2.1.3\error_prone_annotations-2.1.3.jar;C:\Users\ajayr\.m2\repository\com\google\j2objc\j2objc-annotations\1.1\j2objc-annotations-1.1.jar;C:\Users\ajayr\.m2\repository\org\codehaus\mojo\animal-sniffer-annotations\1.14\animal-sniffer-annotations-1.14.jar;C:\Users\ajayr\.m2\repository\com\squareup\okhttp3\okhttp\3.11.0\okhttp-3.11.0.jar;C:\Users\ajayr\.m2\repository\com\squareup\okio\okio\1.14.0\okio-1.14.0.jar;C:\Users\ajayr\.m2\repository\org\testng\testng\7.0.0\testng-7.0.0.jar;C:\Users\ajayr\.m2\repository\com\beust\jcommander\1.72\jcommander-1.72.jar;C:\Users\ajayr\.m2\repository\com\aventstack\extentreports\4.1.5\extentreports-4.1.5.jar;C:\Users\ajayr\.m2\repository\org\freemarker\freemarker\2.3.29\freemarker-2.3.29.jar;C:\Users\ajayr\.m2\repository\org\apache\httpcomponents\httpclient\4.5.2\httpclient-4.5.2.jar;C:\Users\ajayr\.m2\repository\org\apache\httpcomponents\httpcore\4.4.4\httpcore-4.4.4.jar;C:\Users\ajayr\.m2\repository\commons-logging\commons-logging\1.2\commons-logging-1.2.jar;C:\Users\ajayr\.m2\repository\commons-codec\commons-codec\1.9\commons-codec-1.9.jar;C:\Users\ajayr\.m2\repository\org\apache\httpcomponents\httpmime\4.5.2\httpmime-4.5.2.jar;C:\Users\ajayr\.m2\repository\com\google\code\gson\gson\2.8.6\gson-2.8.6.jar;C:\Users\ajayr\.m2\repository\org\mongodb\mongodb-driver\3.12.0\mongodb-driver-3.12.0.jar;C:\Users\ajayr\.m2\repository\org\mongodb\mongodb-driver-core\3.12.0\mongodb-driver-core-3.12.0.jar;C:\Users\ajayr\.m2\repository\org\mongodb\bson\3.12.0\bson-3.12.0.jar;C:\Users\ajayr\.m2\repository\commons-io\commons-io\2.8.0\commons-io-2.8.0.jar;"/>
    <property name="sun.cpu.endian" value="little"/>
    <property name="user.home" value="C:\Users\ajayr"/>
    <property name="user.language" value="en"/>
    <property name="java.specification.vendor" value="Oracle Corporation"/>
    <property name="java.home" value="C:\Program Files\Java\jdk1.8.0_241\jre"/>
    <property name="basedir" value="C:\eclipseprojects\RediffDataDrivenFramework"/>
    <property name="file.separator" value="\"/>
    <property name="line.separator" value="&#10;"/>
    <property name="java.vm.specification.vendor" value="Oracle Corporation"/>
    <property name="java.specification.name" value="Java Platform API Specification"/>
    <property name="java.awt.graphicsenv" value="sun.awt.Win32GraphicsEnvironment"/>
    <property name="surefire.real.class.path" value="C:\Users\ajayr\AppData\Local\Temp\surefire1340418429194901455\surefirebooter8268304422072422054.jar"/>
    <property name="sun.boot.class.path" value="C:\Program Files\Java\jdk1.8.0_241\jre\lib\resources.jar;C:\Program Files\Java\jdk1.8.0_241\jre\lib\rt.jar;C:\Program Files\Java\jdk1.8.0_241\jre\lib\sunrsasign.jar;C:\Program Files\Java\jdk1.8.0_241\jre\lib\jsse.jar;C:\Program Files\Java\jdk1.8.0_241\jre\lib\jce.jar;C:\Program Files\Java\jdk1.8.0_241\jre\lib\charsets.jar;C:\Program Files\Java\jdk1.8.0_241\jre\lib\jfr.jar;C:\Program Files\Java\jdk1.8.0_241\jre\classes"/>
    <property name="user.script" value=""/>
    <property name="sun.management.compiler" value="HotSpot 64-Bit Tiered Compilers"/>
    <property name="java.runtime.version" value="1.8.0_241-b07"/>
    <property name="user.name" value="ajayr"/>
    <property name="path.separator" value=";"/>
    <property name="os.version" value="10.0"/>
    <property name="java.endorsed.dirs" value="C:\Program Files\Java\jdk1.8.0_241\jre\lib\endorsed"/>
    <property name="java.runtime.name" value="Java(TM) SE Runtime Environment"/>
    <property name="file.encoding" value="Cp1252"/>
    <property name="java.vm.name" value="Java HotSpot(TM) 64-Bit Server VM"/>
    <property name="localRepository" value="C:\Users\ajayr\.m2\repository"/>
    <property name="java.vendor.url.bug" value="http://bugreport.sun.com/bugreport/"/>
    <property name="java.io.tmpdir" value="C:\Users\ajayr\AppData\Local\Temp\"/>
    <property name="java.version" value="1.8.0_241"/>
    <property name="user.dir" value="C:\eclipseprojects\RediffDataDrivenFramework"/>
    <property name="os.arch" value="amd64"/>
    <property name="java.vm.specification.name" value="Java Virtual Machine Specification"/>
    <property name="java.awt.printerjob" value="sun.awt.windows.WPrinterJob"/>
    <property name="sun.os.patch.level" value=""/>
    <property name="java.library.path" value="C:\Program Files\Java\jdk1.8.0_241\jre\bin;C:\WINDOWS\Sun\Java\bin;C:\WINDOWS\system32;C:\WINDOWS;C:/Users/ajayr/.p2/pool/plugins/org.eclipse.justj.openjdk.hotspot.jre.full.win32.x86_64_15.0.1.v20201027-0507/jre/bin/server;C:/Users/ajayr/.p2/pool/plugins/org.eclipse.justj.openjdk.hotspot.jre.full.win32.x86_64_15.0.1.v20201027-0507/jre/bin;C:\Program Files (x86)\Common Files\Oracle\Java\javapath;C:\WINDOWS\system32;C:\WINDOWS;C:\WINDOWS\System32\Wbem;C:\WINDOWS\System32\WindowsPowerShell\v1.0\;C:\WINDOWS\System32\OpenSSH\;C:\webdriver;C:\Program Files\Git\cmd;C:\Program Files\nodejs\;C:\Program Files\nodejs\node_modules\npm\bin;C:\Users\ajayr\AppData\Local\Android\sdk\platform-tools;C:\Users\ajayr\AppData\Local\Android\sdk\tools;C:\Users\ajayr\AppData\Local\Android\sdk\tools\bin;C:\Program Files\Android\Android Studio\jre\bin;C:\Program Files\Java\jdk1.8.0_241\bin;C:\Users\ajayr\Documents\apache-maven-3.6.3\bin;C:\Users\ajayr\Documents\axis2-1.6.2\bin;D:\apache-ant-1.9.15\bin;D:\apache-jmeter-5.4.1\apache-jmeter-5.4.1\bin;C:\Users\ajayr\AppData\Local\Programs\Python\Python39\Scripts\;C:\Users\ajayr\AppData\Local\Programs\Python\Python39\;D:\Scripts\;C:\Program Files\MySQL\MySQL Shell 8.0\bin\;C:\Users\ajayr\AppData\Local\Microsoft\WindowsApps;C:\Users\ajayr\AppData\Roaming\npm;;G:\python\PyCharm Community Edition 2021.1.1\bin;;C:\Users\ajayr\Desktop;;."/>
    <property name="java.vm.info" value="mixed mode"/>
    <property name="java.vendor" value="Oracle Corporation"/>
    <property name="java.vm.version" value="25.241-b07"/>
    <property name="java.ext.dirs" value="C:\Program Files\Java\jdk1.8.0_241\jre\lib\ext;C:\WINDOWS\Sun\Java\lib\ext"/>
    <property name="sun.io.unicode.encoding" value="UnicodeLittle"/>
    <property name="java.class.version" value="52.0"/>
  </properties>
  <testcase name="beforeTest[org.testng.TestRunner@6b0c2d26](0)" classname="testcases.rediff.PortfolioManagement" time="0.802">
    <failure type="java.lang.NullPointerException"><![CDATA[java.lang.NullPointerException
]]></failure>
    <system-out><![CDATA[[TestNG] [WARN] Ignoring duplicate listener : listener.MyTestNGListener
*********Before Test**********
Mon Aug 23 11-51-36 AEST 2021
C:\eclipseprojects\RediffDataDrivenFramework//reports//Mon Aug 23 11-51-36 AEST 2021//screenshots
]]></system-out>
  </testcase>
  <testcase name="createPortfolio" classname="testcases.rediff.PortfolioManagement" time="0">
    <skipped/>
    <system-out><![CDATA[*********Before Method***********
]]></system-out>
  </testcase>
  <testcase name="quit[org.testng.TestRunner@6b0c2d26](0)" classname="testcases.rediff.PortfolioManagement" time="0.003">
    <failure type="java.lang.NullPointerException"><![CDATA[java.lang.NullPointerException
]]></failure>
    <system-out><![CDATA[***************************Test Skipped createPortfolio
]]></system-out>
  </testcase>
  <testcase name="beforeTest[org.testng.TestRunner@5b0abc94](0)" classname="testcases.rediff.PortfolioManagement" time="0.038">
    <failure type="java.lang.NullPointerException"><![CDATA[java.lang.NullPointerException
]]></failure>
    <system-out><![CDATA[*********Before Test**********
]]></system-out>
  </testcase>
  <testcase name="deletePortfolio" classname="testcases.rediff.PortfolioManagement" time="0">
    <skipped/>
    <system-out><![CDATA[*********Before Method***********
]]></system-out>
  </testcase>
  <testcase name="quit[org.testng.TestRunner@5b0abc94](0)" classname="testcases.rediff.PortfolioManagement" time="0.001">
    <failure type="java.lang.NullPointerException"><![CDATA[java.lang.NullPointerException
]]></failure>
    <system-out><![CDATA[***************************Test Skipped deletePortfolio
]]></system-out>
  </testcase>
  <testcase name="beforeTest[org.testng.TestRunner@2893de87](0)" classname="testcases.rediff.PortfolioManagement" time="0.014">
    <failure type="java.lang.NullPointerException"><![CDATA[java.lang.NullPointerException
]]></failure>
    <system-out><![CDATA[*********Before Test**********
]]></system-out>
  </testcase>
  <testcase name="selectPortFolio" classname="testcases.rediff.PortfolioManagement" time="0">
    <skipped/>
    <system-out><![CDATA[*********Before Method***********
]]></system-out>
  </testcase>
  <testcase name="selectPortFolio" classname="testcases.rediff.PortfolioManagement" time="0">
    <skipped/>
    <system-out><![CDATA[*********Before Method***********
]]></system-out>
  </testcase>
  <testcase name="selectPortFolio" classname="testcases.rediff.PortfolioManagement" time="0">
    <skipped/>
    <system-out><![CDATA[*********Before Method***********
]]></system-out>
  </testcase>
  <testcase name="quit[org.testng.TestRunner@2893de87](0)" classname="testcases.rediff.PortfolioManagement" time="0.001">
    <failure type="java.lang.NullPointerException"><![CDATA[java.lang.NullPointerException
]]></failure>
    <system-out><![CDATA[***************************Test Skipped verifyTransactionHistory
]]></system-out>
  </testcase>
  <testcase name="beforeTest[org.testng.TestRunner@161b062a](0)" classname="testcases.rediff.PortfolioManagement" time="0.035">
    <failure type="java.lang.NullPointerException"><![CDATA[java.lang.NullPointerException
]]></failure>
    <system-out><![CDATA[*********Before Test**********
]]></system-out>
  </testcase>
  <testcase name="quit[org.testng.TestRunner@161b062a](0)" classname="testcases.rediff.PortfolioManagement" time="0">
    <failure type="java.lang.NullPointerException"><![CDATA[java.lang.NullPointerException
]]></failure>
    <system-out><![CDATA[***************************Test Skipped verifyTransactionHistory
]]></system-out>
  </testcase>
  <testcase name="beforeTest[org.testng.TestRunner@258e2e41](0)" classname="testcases.rediff.PortfolioManagement" time="0.024">
    <failure type="java.lang.NullPointerException"><![CDATA[java.lang.NullPointerException
]]></failure>
    <system-out><![CDATA[*********Before Test**********
]]></system-out>
  </testcase>
  <testcase name="quit[org.testng.TestRunner@258e2e41](0)" classname="testcases.rediff.PortfolioManagement" time="0.001">
    <failure type="java.lang.NullPointerException"><![CDATA[java.lang.NullPointerException
]]></failure>
    <system-out><![CDATA[***************************Test Skipped verifyTransactionHistory
]]></system-out>
  </testcase>
  <testcase name="verifyStockPresent" classname="testcases.rediff.StockManagement" time="0">
    <skipped/>
    <system-out><![CDATA[***************************Test Skipped selectPortFolio
*********Before Method***********
]]></system-out>
  </testcase>
  <testcase name="verifyStockPresent" classname="testcases.rediff.StockManagement" time="0">
    <skipped/>
    <system-out><![CDATA[***************************Test Skipped selectPortFolio
*********Before Method***********
]]></system-out>
  </testcase>
  <testcase name="verifyStockPresent" classname="testcases.rediff.StockManagement" time="0">
    <skipped/>
    <system-out><![CDATA[***************************Test Skipped selectPortFolio
*********Before Method***********
]]></system-out>
  </testcase>
  <testcase name="verifyStockQuantity" classname="testcases.rediff.StockManagement" time="0">
    <skipped/>
    <system-out><![CDATA[***************************Test Skipped verifyStockPresent
*********Before Method***********
]]></system-out>
  </testcase>
  <testcase name="verifyStockQuantity" classname="testcases.rediff.StockManagement" time="0">
    <skipped/>
    <system-out><![CDATA[***************************Test Skipped modifyStock
*********Before Method***********
]]></system-out>
  </testcase>
  <testcase name="verifyStockQuantity" classname="testcases.rediff.StockManagement" time="0">
    <skipped/>
    <system-out><![CDATA[***************************Test Skipped modifyStock
*********Before Method***********
]]></system-out>
  </testcase>
  <testcase name="verifyTransactionHistory" classname="testcases.rediff.StockManagement" time="0">
    <skipped/>
    <system-out><![CDATA[***************************Test Skipped verifyStockQuantity
*********Before Method***********
]]></system-out>
  </testcase>
  <testcase name="verifyTransactionHistory" classname="testcases.rediff.StockManagement" time="0">
    <skipped/>
    <system-out><![CDATA[***************************Test Skipped verifyStockQuantity
*********Before Method***********
]]></system-out>
  </testcase>
  <testcase name="verifyTransactionHistory" classname="testcases.rediff.StockManagement" time="0">
    <skipped/>
    <system-out><![CDATA[***************************Test Skipped verifyStockQuantity
*********Before Method***********
]]></system-out>
  </testcase>
  <testcase name="modifyStock" classname="testcases.rediff.StockManagement" time="0">
    <skipped/>
    <system-out><![CDATA[***************************Test Skipped verifyStockPresent
*********Before Method***********
]]></system-out>
  </testcase>
  <testcase name="modifyStock" classname="testcases.rediff.StockManagement" time="0">
    <skipped/>
    <system-out><![CDATA[***************************Test Skipped verifyStockPresent
*********Before Method***********
]]></system-out>
  </testcase>
</testsuite>