<?xml version="1.0" encoding="UTF-8"?>
<!-- Generated by org.testng.reporters.JUnitReportReporter -->
<testsuite skipped="0" hostname="DESKTOP-MD2112N" name="testcases.rediff.Session" tests="1" failures="0" timestamp="2021-08-20T10:40:34 AEST" time="4.360" errors="0">
  <testcase name="doLogin" time="4.360" classname="testcases.rediff.Session"/>
  <system-out/>
</testsuite> <!-- testcases.rediff.Session -->
