<?xml version="1.0" encoding="UTF-8"?>
<!-- Generated by org.testng.reporters.JUnitReportReporter -->
<testsuite skipped="2" hostname="DESKTOP-MD2112N" name="testcases.rediff.PortfolioManagement" tests="5" failures="0" timestamp="2021-09-03T11:58:48 AEST" time="10.428" errors="0">
  <testcase name="selectPortFolio" time="3.464" classname="testcases.rediff.PortfolioManagement"/>
  <system-out/>
  <testcase name="selectPortFolio" time="3.408" classname="testcases.rediff.PortfolioManagement"/>
  <system-out/>
  <testcase name="selectPortFolio" time="0.000" classname="testcases.rediff.PortfolioManagement">
    <skipped/>
  </testcase> <!-- selectPortFolio -->
  <system-out/>
  <testcase name="selectPortFolio" time="3.556" classname="testcases.rediff.PortfolioManagement"/>
  <system-out/>
  <testcase name="selectPortFolio" time="0.000" classname="testcases.rediff.PortfolioManagement">
    <skipped/>
  </testcase> <!-- selectPortFolio -->
  <system-out/>
</testsuite> <!-- testcases.rediff.PortfolioManagement -->
